2023-07-09 18:05:06,250 [Worker-4: Loading available Gradle versions] INFO  o.e.b.c.i.u.g.PublishedGradleVersions - Gradle version information cache is out-of-date. Trying to update.
2023-07-09 18:12:14,277 [Worker-9: Import Getting Started Content] INFO  o.e.m.c.i.l.LifecycleMappingFactory - Using org.eclipse.m2e.jdt.JarLifecycleMapping lifecycle mapping for MavenProject: com.example:UdemyProject:0.0.1-SNAPSHOT @ C:\Users\158250\Udemy_Project_SpringBoot\UdemyProject\pom.xml.
2023-07-09 18:12:19,876 [Worker-9: Import Getting Started Content] INFO  o.e.m.j.i.AbstractJavaProjectConfigurator - Adding source folder /UdemyProject/src/main/java
2023-07-09 18:12:19,877 [Worker-9: Import Getting Started Content] INFO  o.e.m.j.i.AbstractJavaProjectConfigurator - Adding resource folder /UdemyProject/src/main/resources
2023-07-09 18:12:19,887 [Worker-9: Import Getting Started Content] INFO  o.e.m.j.i.AbstractJavaProjectConfigurator - Adding resource folder /UdemyProject/src/main/resources
2023-07-09 18:12:19,906 [Worker-9: Import Getting Started Content] INFO  o.e.m.j.i.AbstractJavaProjectConfigurator - Adding source folder /UdemyProject/src/test/java
2023-07-09 18:12:27,154 [Worker-9: Import Getting Started Content] INFO  o.e.m.c.i.p.ProjectConfigurationManager - Imported and configured 1 project(s) in 17 sec
2023-07-09 18:12:27,159 [Worker-9: Import Getting Started Content] INFO  o.e.m.c.i.p.ProjectConfigurationManager - Update started
2023-07-09 18:12:27,424 [Worker-9: Import Getting Started Content] INFO  o.e.m.c.i.l.LifecycleMappingFactory - Using org.eclipse.m2e.jdt.JarLifecycleMapping lifecycle mapping for MavenProject: com.example:UdemyProject:0.0.1-SNAPSHOT @ C:\Users\158250\Udemy_Project_SpringBoot\UdemyProject\pom.xml.
2023-07-09 18:12:28,002 [Worker-9: Import Getting Started Content] INFO  o.e.m.j.i.AbstractJavaProjectConfigurator - Adding source folder /UdemyProject/src/main/java
2023-07-09 18:12:28,003 [Worker-9: Import Getting Started Content] INFO  o.e.m.j.i.AbstractJavaProjectConfigurator - Adding resource folder /UdemyProject/src/main/resources
2023-07-09 18:12:28,003 [Worker-9: Import Getting Started Content] INFO  o.e.m.j.i.AbstractJavaProjectConfigurator - Adding resource folder /UdemyProject/src/main/resources
2023-07-09 18:12:28,004 [Worker-9: Import Getting Started Content] INFO  o.e.m.j.i.AbstractJavaProjectConfigurator - Adding source folder /UdemyProject/src/test/java
2023-07-09 18:12:28,761 [Worker-9: Import Getting Started Content] INFO  o.e.m.c.i.p.ProjectConfigurationManager - Update completed for 1 poms: local refresh takes 0.00 sec, refresh facades takes 0.00 sec, update config takes 0.00 sec 
2023-07-10 12:23:20,662 [Worker-16: Import Getting Started Content] INFO  o.e.m.c.i.l.LifecycleMappingFactory - Using org.eclipse.m2e.jdt.JarLifecycleMapping lifecycle mapping for MavenProject: com.example:Student:0.0.1-SNAPSHOT @ C:\Users\158250\Udemy_Project_SpringBoot\Student\pom.xml.
2023-07-10 12:23:23,084 [Worker-16: Import Getting Started Content] INFO  o.e.m.j.i.AbstractJavaProjectConfigurator - Adding source folder /Student/src/main/java
2023-07-10 12:23:23,085 [Worker-16: Import Getting Started Content] INFO  o.e.m.j.i.AbstractJavaProjectConfigurator - Adding resource folder /Student/src/main/resources
2023-07-10 12:23:23,095 [Worker-16: Import Getting Started Content] INFO  o.e.m.j.i.AbstractJavaProjectConfigurator - Adding resource folder /Student/src/main/resources
2023-07-10 12:23:23,104 [Worker-16: Import Getting Started Content] INFO  o.e.m.j.i.AbstractJavaProjectConfigurator - Adding source folder /Student/src/test/java
2023-07-10 12:23:26,010 [Worker-16: Import Getting Started Content] INFO  o.e.m.c.i.p.ProjectConfigurationManager - Imported and configured 1 project(s) in 6 sec
2023-07-10 12:23:26,012 [Worker-16: Import Getting Started Content] INFO  o.e.m.c.i.p.ProjectConfigurationManager - Update started
2023-07-10 12:23:26,225 [Worker-16: Import Getting Started Content] INFO  o.e.m.c.i.l.LifecycleMappingFactory - Using org.eclipse.m2e.jdt.JarLifecycleMapping lifecycle mapping for MavenProject: com.example:Student:0.0.1-SNAPSHOT @ C:\Users\158250\Udemy_Project_SpringBoot\Student\pom.xml.
2023-07-10 12:23:26,469 [Worker-16: Import Getting Started Content] INFO  o.e.m.j.i.AbstractJavaProjectConfigurator - Adding source folder /Student/src/main/java
2023-07-10 12:23:26,469 [Worker-16: Import Getting Started Content] INFO  o.e.m.j.i.AbstractJavaProjectConfigurator - Adding resource folder /Student/src/main/resources
2023-07-10 12:23:26,469 [Worker-16: Import Getting Started Content] INFO  o.e.m.j.i.AbstractJavaProjectConfigurator - Adding resource folder /Student/src/main/resources
2023-07-10 12:23:26,469 [Worker-16: Import Getting Started Content] INFO  o.e.m.j.i.AbstractJavaProjectConfigurator - Adding source folder /Student/src/test/java
2023-07-10 12:23:26,759 [Worker-16: Import Getting Started Content] INFO  o.e.m.c.i.p.ProjectConfigurationManager - Update completed for 1 poms: local refresh takes 0.00 sec, refresh facades takes 0.00 sec, update config takes 0.00 sec 
2023-07-10 12:35:18,434 [main] INFO  o.e.m2e.actions.ExecutePomAction - Creating new launch configuration
2023-07-10 12:35:21,447 [Worker-27: Launching Student] INFO  o.eclipse.m2e.core.internal.Bundles - getClasspathEntries(Bundle=org.eclipse.m2e.maven.runtime_3.8.604.20221130-2149 [345])
2023-07-10 12:35:21,458 [Worker-27: Launching Student] INFO  o.eclipse.m2e.core.internal.Bundles - 	Entry: C:\Digital\sts-4.17.1.RELEASE\plugins\org.eclipse.m2e.maven.runtime_3.8.604.20221130-2149
2023-07-10 12:35:21,459 [Worker-27: Launching Student] INFO  o.eclipse.m2e.core.internal.Bundles - 	Entry: C:\Digital\sts-4.17.1.RELEASE\plugins\org.eclipse.m2e.maven.runtime_3.8.604.20221130-2149\jars\aether-connector-okhttp-0.17.8.jar
2023-07-10 12:35:21,459 [Worker-27: Launching Student] INFO  o.eclipse.m2e.core.internal.Bundles - 	Entry: C:\Digital\sts-4.17.1.RELEASE\plugins\org.eclipse.m2e.maven.runtime_3.8.604.20221130-2149\jars\commons-cli-1.4.jar
2023-07-10 12:35:21,459 [Worker-27: Launching Student] INFO  o.eclipse.m2e.core.internal.Bundles - 	Entry: C:\Digital\sts-4.17.1.RELEASE\plugins\org.eclipse.m2e.maven.runtime_3.8.604.20221130-2149\jars\commons-io-2.6.jar
2023-07-10 12:35:21,459 [Worker-27: Launching Student] INFO  o.eclipse.m2e.core.internal.Bundles - 	Entry: C:\Digital\sts-4.17.1.RELEASE\plugins\org.eclipse.m2e.maven.runtime_3.8.604.20221130-2149\jars\commons-lang3-3.8.1.jar
2023-07-10 12:35:21,459 [Worker-27: Launching Student] INFO  o.eclipse.m2e.core.internal.Bundles - 	Entry: C:\Digital\sts-4.17.1.RELEASE\plugins\org.eclipse.m2e.maven.runtime_3.8.604.20221130-2149\jars\guice-4.2.2-no_aop.jar
2023-07-10 12:35:21,460 [Worker-27: Launching Student] INFO  o.eclipse.m2e.core.internal.Bundles - 	Entry: C:\Digital\sts-4.17.1.RELEASE\plugins\org.eclipse.m2e.maven.runtime_3.8.604.20221130-2149\jars\jansi-2.4.0.jar
2023-07-10 12:35:21,460 [Worker-27: Launching Student] INFO  o.eclipse.m2e.core.internal.Bundles - 	Entry: C:\Digital\sts-4.17.1.RELEASE\plugins\org.eclipse.m2e.maven.runtime_3.8.604.20221130-2149\jars\maven-artifact-3.8.6.jar
2023-07-10 12:35:21,460 [Worker-27: Launching Student] INFO  o.eclipse.m2e.core.internal.Bundles - 	Entry: C:\Digital\sts-4.17.1.RELEASE\plugins\org.eclipse.m2e.maven.runtime_3.8.604.20221130-2149\jars\maven-builder-support-3.8.6.jar
2023-07-10 12:35:21,460 [Worker-27: Launching Student] INFO  o.eclipse.m2e.core.internal.Bundles - 	Entry: C:\Digital\sts-4.17.1.RELEASE\plugins\org.eclipse.m2e.maven.runtime_3.8.604.20221130-2149\jars\maven-compat-3.8.6.jar
2023-07-10 12:35:21,460 [Worker-27: Launching Student] INFO  o.eclipse.m2e.core.internal.Bundles - 	Entry: C:\Digital\sts-4.17.1.RELEASE\plugins\org.eclipse.m2e.maven.runtime_3.8.604.20221130-2149\jars\maven-core-3.8.6.jar
2023-07-10 12:35:21,460 [Worker-27: Launching Student] INFO  o.eclipse.m2e.core.internal.Bundles - 	Entry: C:\Digital\sts-4.17.1.RELEASE\plugins\org.eclipse.m2e.maven.runtime_3.8.604.20221130-2149\jars\maven-embedder-3.8.6.jar
2023-07-10 12:35:21,460 [Worker-27: Launching Student] INFO  o.eclipse.m2e.core.internal.Bundles - 	Entry: C:\Digital\sts-4.17.1.RELEASE\plugins\org.eclipse.m2e.maven.runtime_3.8.604.20221130-2149\jars\maven-model-3.8.6.jar
2023-07-10 12:35:21,460 [Worker-27: Launching Student] INFO  o.eclipse.m2e.core.internal.Bundles - 	Entry: C:\Digital\sts-4.17.1.RELEASE\plugins\org.eclipse.m2e.maven.runtime_3.8.604.20221130-2149\jars\maven-model-builder-3.8.6.jar
2023-07-10 12:35:21,461 [Worker-27: Launching Student] INFO  o.eclipse.m2e.core.internal.Bundles - 	Entry: C:\Digital\sts-4.17.1.RELEASE\plugins\org.eclipse.m2e.maven.runtime_3.8.604.20221130-2149\jars\maven-plugin-api-3.8.6.jar
2023-07-10 12:35:21,461 [Worker-27: Launching Student] INFO  o.eclipse.m2e.core.internal.Bundles - 	Entry: C:\Digital\sts-4.17.1.RELEASE\plugins\org.eclipse.m2e.maven.runtime_3.8.604.20221130-2149\jars\maven-repository-metadata-3.8.6.jar
2023-07-10 12:35:21,461 [Worker-27: Launching Student] INFO  o.eclipse.m2e.core.internal.Bundles - 	Entry: C:\Digital\sts-4.17.1.RELEASE\plugins\org.eclipse.m2e.maven.runtime_3.8.604.20221130-2149\jars\maven-resolver-api-1.6.3.jar
2023-07-10 12:35:21,461 [Worker-27: Launching Student] INFO  o.eclipse.m2e.core.internal.Bundles - 	Entry: C:\Digital\sts-4.17.1.RELEASE\plugins\org.eclipse.m2e.maven.runtime_3.8.604.20221130-2149\jars\maven-resolver-connector-basic-1.6.3.jar
2023-07-10 12:35:21,461 [Worker-27: Launching Student] INFO  o.eclipse.m2e.core.internal.Bundles - 	Entry: C:\Digital\sts-4.17.1.RELEASE\plugins\org.eclipse.m2e.maven.runtime_3.8.604.20221130-2149\jars\maven-resolver-impl-1.6.3.jar
2023-07-10 12:35:21,461 [Worker-27: Launching Student] INFO  o.eclipse.m2e.core.internal.Bundles - 	Entry: C:\Digital\sts-4.17.1.RELEASE\plugins\org.eclipse.m2e.maven.runtime_3.8.604.20221130-2149\jars\maven-resolver-provider-3.8.6.jar
2023-07-10 12:35:21,461 [Worker-27: Launching Student] INFO  o.eclipse.m2e.core.internal.Bundles - 	Entry: C:\Digital\sts-4.17.1.RELEASE\plugins\org.eclipse.m2e.maven.runtime_3.8.604.20221130-2149\jars\maven-resolver-spi-1.6.3.jar
2023-07-10 12:35:21,461 [Worker-27: Launching Student] INFO  o.eclipse.m2e.core.internal.Bundles - 	Entry: C:\Digital\sts-4.17.1.RELEASE\plugins\org.eclipse.m2e.maven.runtime_3.8.604.20221130-2149\jars\maven-resolver-transport-wagon-1.6.3.jar
2023-07-10 12:35:21,461 [Worker-27: Launching Student] INFO  o.eclipse.m2e.core.internal.Bundles - 	Entry: C:\Digital\sts-4.17.1.RELEASE\plugins\org.eclipse.m2e.maven.runtime_3.8.604.20221130-2149\jars\maven-resolver-util-1.6.3.jar
2023-07-10 12:35:21,461 [Worker-27: Launching Student] INFO  o.eclipse.m2e.core.internal.Bundles - 	Entry: C:\Digital\sts-4.17.1.RELEASE\plugins\org.eclipse.m2e.maven.runtime_3.8.604.20221130-2149\jars\maven-settings-3.8.6.jar
2023-07-10 12:35:21,462 [Worker-27: Launching Student] INFO  o.eclipse.m2e.core.internal.Bundles - 	Entry: C:\Digital\sts-4.17.1.RELEASE\plugins\org.eclipse.m2e.maven.runtime_3.8.604.20221130-2149\jars\maven-settings-builder-3.8.6.jar
2023-07-10 12:35:21,462 [Worker-27: Launching Student] INFO  o.eclipse.m2e.core.internal.Bundles - 	Entry: C:\Digital\sts-4.17.1.RELEASE\plugins\org.eclipse.m2e.maven.runtime_3.8.604.20221130-2149\jars\maven-shared-utils-3.3.4.jar
2023-07-10 12:35:21,462 [Worker-27: Launching Student] INFO  o.eclipse.m2e.core.internal.Bundles - 	Entry: C:\Digital\sts-4.17.1.RELEASE\plugins\org.eclipse.m2e.maven.runtime_3.8.604.20221130-2149\jars\okhttp-3.14.1.jar
2023-07-10 12:35:21,462 [Worker-27: Launching Student] INFO  o.eclipse.m2e.core.internal.Bundles - 	Entry: C:\Digital\sts-4.17.1.RELEASE\plugins\org.eclipse.m2e.maven.runtime_3.8.604.20221130-2149\jars\okio-1.17.3.jar
2023-07-10 12:35:21,462 [Worker-27: Launching Student] INFO  o.eclipse.m2e.core.internal.Bundles - 	Entry: C:\Digital\sts-4.17.1.RELEASE\plugins\org.eclipse.m2e.maven.runtime_3.8.604.20221130-2149\jars\org.eclipse.sisu.inject-0.3.5.jar
2023-07-10 12:35:21,462 [Worker-27: Launching Student] INFO  o.eclipse.m2e.core.internal.Bundles - 	Entry: C:\Digital\sts-4.17.1.RELEASE\plugins\org.eclipse.m2e.maven.runtime_3.8.604.20221130-2149\jars\org.eclipse.sisu.plexus-0.3.5.jar
2023-07-10 12:35:21,462 [Worker-27: Launching Student] INFO  o.eclipse.m2e.core.internal.Bundles - 	Entry: C:\Digital\sts-4.17.1.RELEASE\plugins\org.eclipse.m2e.maven.runtime_3.8.604.20221130-2149\jars\plexus-build-api-0.0.7.jar
2023-07-10 12:35:21,462 [Worker-27: Launching Student] INFO  o.eclipse.m2e.core.internal.Bundles - 	Entry: C:\Digital\sts-4.17.1.RELEASE\plugins\org.eclipse.m2e.maven.runtime_3.8.604.20221130-2149\jars\plexus-cipher-2.0.jar
2023-07-10 12:35:21,463 [Worker-27: Launching Student] INFO  o.eclipse.m2e.core.internal.Bundles - 	Entry: C:\Digital\sts-4.17.1.RELEASE\plugins\org.eclipse.m2e.maven.runtime_3.8.604.20221130-2149\jars\plexus-classworlds-2.6.0.jar
2023-07-10 12:35:21,463 [Worker-27: Launching Student] INFO  o.eclipse.m2e.core.internal.Bundles - 	Entry: C:\Digital\sts-4.17.1.RELEASE\plugins\org.eclipse.m2e.maven.runtime_3.8.604.20221130-2149\jars\plexus-component-annotations-2.1.0.jar
2023-07-10 12:35:21,463 [Worker-27: Launching Student] INFO  o.eclipse.m2e.core.internal.Bundles - 	Entry: C:\Digital\sts-4.17.1.RELEASE\plugins\org.eclipse.m2e.maven.runtime_3.8.604.20221130-2149\jars\plexus-interpolation-1.26.jar
2023-07-10 12:35:21,463 [Worker-27: Launching Student] INFO  o.eclipse.m2e.core.internal.Bundles - 	Entry: C:\Digital\sts-4.17.1.RELEASE\plugins\org.eclipse.m2e.maven.runtime_3.8.604.20221130-2149\jars\plexus-sec-dispatcher-2.0.jar
2023-07-10 12:35:21,463 [Worker-27: Launching Student] INFO  o.eclipse.m2e.core.internal.Bundles - 	Entry: C:\Digital\sts-4.17.1.RELEASE\plugins\org.eclipse.m2e.maven.runtime_3.8.604.20221130-2149\jars\plexus-utils-3.3.1.jar
2023-07-10 12:35:21,463 [Worker-27: Launching Student] INFO  o.eclipse.m2e.core.internal.Bundles - 	Entry: C:\Digital\sts-4.17.1.RELEASE\plugins\org.eclipse.m2e.maven.runtime_3.8.604.20221130-2149\jars\wagon-file-3.5.1.jar
2023-07-10 12:35:21,464 [Worker-27: Launching Student] INFO  o.eclipse.m2e.core.internal.Bundles - 	Entry: C:\Digital\sts-4.17.1.RELEASE\plugins\org.eclipse.m2e.maven.runtime_3.8.604.20221130-2149\jars\wagon-provider-api-3.5.1.jar
2023-07-10 12:35:21,465 [Worker-27: Launching Student] INFO  o.eclipse.m2e.core.internal.Bundles - getClasspathEntries(Bundle=com.google.guava_30.1.0.v20221112-0806 [22])
2023-07-10 12:35:21,467 [Worker-27: Launching Student] INFO  o.eclipse.m2e.core.internal.Bundles - 	Entry: C:\Digital\sts-4.17.1.RELEASE\plugins\com.google.guava_30.1.0.v20221112-0806.jar
2023-07-10 12:35:21,467 [Worker-27: Launching Student] INFO  o.eclipse.m2e.core.internal.Bundles - getClasspathEntries(Bundle=slf4j.api_1.7.36 [584])
2023-07-10 12:35:21,638 [Worker-27: Launching Student] INFO  o.eclipse.m2e.core.internal.Bundles - 	Entry: C:\Digital\sts-4.17.1.RELEASE\plugins\slf4j.api_1.7.36.jar
2023-07-10 12:35:21,638 [Worker-27: Launching Student] INFO  o.eclipse.m2e.core.internal.Bundles - getClasspathEntries(Bundle=javax.inject_1.0.0.v20220405-0441 [49])
2023-07-10 12:35:21,737 [Worker-27: Launching Student] INFO  o.eclipse.m2e.core.internal.Bundles - 	Entry: C:\Digital\sts-4.17.1.RELEASE\plugins\javax.inject_1.0.0.v20220405-0441.jar
2023-07-10 12:35:21,737 [Worker-27: Launching Student] INFO  o.eclipse.m2e.core.internal.Bundles - getClasspathEntries(Bundle=javax.annotation_1.3.5.v20221112-0806 [47])
2023-07-10 12:35:21,862 [Worker-27: Launching Student] INFO  o.eclipse.m2e.core.internal.Bundles - 	Entry: C:\Digital\sts-4.17.1.RELEASE\plugins\javax.annotation_1.3.5.v20221112-0806.jar
2023-07-10 12:35:21,865 [Worker-27: Launching Student] INFO  o.e.m.i.launch.MavenLaunchDelegate - Run build in "C:\Users\158250\Udemy_Project_SpringBoot\Student":
2023-07-10 12:35:21,865 [Worker-27: Launching Student] INFO  o.e.m.i.launch.MavenLaunchDelegate -  mvn  -Ppom.xml -B -Dstyle.color=always compile
2023-07-10 21:08:13,931 [Worker-55: Import Getting Started Content] INFO  o.e.m.c.i.l.LifecycleMappingFactory - Using org.eclipse.m2e.jdt.JarLifecycleMapping lifecycle mapping for MavenProject: com.example:UserManagement:0.0.1-SNAPSHOT @ C:\Users\158250\Udemy_Project_SpringBoot\UserManagement\pom.xml.
2023-07-10 21:08:16,048 [Worker-55: Import Getting Started Content] INFO  o.e.m.j.i.AbstractJavaProjectConfigurator - Adding source folder /UserManagement/src/main/java
2023-07-10 21:08:16,049 [Worker-55: Import Getting Started Content] INFO  o.e.m.j.i.AbstractJavaProjectConfigurator - Adding resource folder /UserManagement/src/main/resources
2023-07-10 21:08:16,056 [Worker-55: Import Getting Started Content] INFO  o.e.m.j.i.AbstractJavaProjectConfigurator - Adding resource folder /UserManagement/src/main/resources
2023-07-10 21:08:16,063 [Worker-55: Import Getting Started Content] INFO  o.e.m.j.i.AbstractJavaProjectConfigurator - Adding source folder /UserManagement/src/test/java
2023-07-10 21:08:18,856 [Worker-55: Import Getting Started Content] INFO  o.e.m.c.i.p.ProjectConfigurationManager - Imported and configured 1 project(s) in 6 sec
2023-07-10 21:08:18,857 [Worker-55: Import Getting Started Content] INFO  o.e.m.c.i.p.ProjectConfigurationManager - Update started
2023-07-10 21:08:18,983 [Worker-55: Import Getting Started Content] INFO  o.e.m.c.i.l.LifecycleMappingFactory - Using org.eclipse.m2e.jdt.JarLifecycleMapping lifecycle mapping for MavenProject: com.example:UserManagement:0.0.1-SNAPSHOT @ C:\Users\158250\Udemy_Project_SpringBoot\UserManagement\pom.xml.
2023-07-10 21:08:19,240 [Worker-55: Import Getting Started Content] INFO  o.e.m.j.i.AbstractJavaProjectConfigurator - Adding source folder /UserManagement/src/main/java
2023-07-10 21:08:19,240 [Worker-55: Import Getting Started Content] INFO  o.e.m.j.i.AbstractJavaProjectConfigurator - Adding resource folder /UserManagement/src/main/resources
2023-07-10 21:08:19,240 [Worker-55: Import Getting Started Content] INFO  o.e.m.j.i.AbstractJavaProjectConfigurator - Adding resource folder /UserManagement/src/main/resources
2023-07-10 21:08:19,241 [Worker-55: Import Getting Started Content] INFO  o.e.m.j.i.AbstractJavaProjectConfigurator - Adding source folder /UserManagement/src/test/java
2023-07-10 21:08:19,581 [Worker-55: Import Getting Started Content] INFO  o.e.m.c.i.p.ProjectConfigurationManager - Update completed for 1 poms: local refresh takes 0.00 sec, refresh facades takes 0.00 sec, update config takes 0.00 sec 
2023-07-11 11:24:34,730 [main] INFO  o.e.m2e.actions.ExecutePomAction - Creating new launch configuration
2023-07-11 11:24:41,949 [Worker-66: Launching UserManagement] INFO  o.e.m.i.launch.MavenLaunchDelegate - Run build in "C:\Users\158250\Udemy_Project_SpringBoot\UserManagement":
2023-07-11 11:24:41,949 [Worker-66: Launching UserManagement] INFO  o.e.m.i.launch.MavenLaunchDelegate -  mvn  -B -Dstyle.color=always compile
2023-07-11 11:25:31,897 [Worker-62: Launching Executing clean in C__Users_158250_Udemy_Project_SpringBoot_UserManagement] INFO  o.e.m.i.launch.MavenLaunchDelegate - Run build in "C:\Users\158250\Udemy_Project_SpringBoot\UserManagement":
2023-07-11 11:25:31,897 [Worker-62: Launching Executing clean in C__Users_158250_Udemy_Project_SpringBoot_UserManagement] INFO  o.e.m.i.launch.MavenLaunchDelegate -  mvn  -Ppom.xml -B -Dstyle.color=always clean
2023-07-11 11:25:37,911 [Worker-64: Launching Executing install in C__Users_158250_Udemy_Project_SpringBoot_UserManagement] INFO  o.e.m.i.launch.MavenLaunchDelegate - Run build in "C:\Users\158250\Udemy_Project_SpringBoot\UserManagement":
2023-07-11 11:25:37,911 [Worker-64: Launching Executing install in C__Users_158250_Udemy_Project_SpringBoot_UserManagement] INFO  o.e.m.i.launch.MavenLaunchDelegate -  mvn  -Ppom.xml -B -Dstyle.color=always install
2023-07-11 11:25:54,551 [Worker-65: Updating Maven Project] INFO  o.e.m.c.i.p.ProjectConfigurationManager - Update started
2023-07-11 11:25:54,838 [Worker-65: Updating Maven Project] INFO  o.e.m.c.i.l.LifecycleMappingFactory - Using org.eclipse.m2e.jdt.JarLifecycleMapping lifecycle mapping for MavenProject: com.example:UserManagement:0.0.1-SNAPSHOT @ C:\Users\158250\Udemy_Project_SpringBoot\UserManagement\pom.xml.
2023-07-11 11:25:55,154 [Worker-65: Updating Maven Project] INFO  o.e.m.j.i.AbstractJavaProjectConfigurator - Adding source folder /UserManagement/src/main/java
2023-07-11 11:25:55,154 [Worker-65: Updating Maven Project] INFO  o.e.m.j.i.AbstractJavaProjectConfigurator - Adding resource folder /UserManagement/src/main/resources
2023-07-11 11:25:55,154 [Worker-65: Updating Maven Project] INFO  o.e.m.j.i.AbstractJavaProjectConfigurator - Adding resource folder /UserManagement/src/main/resources
2023-07-11 11:25:55,155 [Worker-65: Updating Maven Project] INFO  o.e.m.j.i.AbstractJavaProjectConfigurator - Adding source folder /UserManagement/src/test/java
2023-07-11 11:25:55,395 [Worker-65: Updating Maven Project] INFO  o.e.m.c.i.p.ProjectConfigurationManager - Update completed for 1 poms: local refresh takes 0.00 sec, refresh facades takes 0.00 sec, update config takes 0.00 sec 
2023-07-11 11:26:04,923 [Worker-68: Launching Executing install in C__Users_158250_Udemy_Project_SpringBoot_UserManagement] INFO  o.e.m.i.launch.MavenLaunchDelegate - Run build in "C:\Users\158250\Udemy_Project_SpringBoot\UserManagement":
2023-07-11 11:26:04,923 [Worker-68: Launching Executing install in C__Users_158250_Udemy_Project_SpringBoot_UserManagement] INFO  o.e.m.i.launch.MavenLaunchDelegate -  mvn  -Ppom.xml -B -Dstyle.color=always install
2023-07-17 11:32:46,151 [Worker-1: Loading available Gradle versions] INFO  o.e.b.c.i.u.g.PublishedGradleVersions - Gradle version information cache is out-of-date. Trying to update.
2023-07-17 11:33:15,355 [Worker-0: Building] INFO  o.a.m.s.f.DefaultMavenResourcesFiltering - Copying 1 resource from src\main\resources to target\classes
2023-07-17 11:33:15,420 [Worker-0: Building] INFO  o.a.m.s.f.DefaultMavenResourcesFiltering - Copying 0 resource from src\main\resources to target\classes
2023-07-17 11:33:15,426 [Worker-0: Building] INFO  o.a.m.s.f.DefaultMavenResourcesFiltering - skip non existing resourceDirectory C:\Users\158250\Udemy_Project_SpringBoot\Student\src\test\resources
2023-07-17 11:33:23,308 [Worker-0: Building] INFO  o.a.m.s.f.DefaultMavenResourcesFiltering - Copying 1 resource from src\main\resources to target\classes
2023-07-17 11:33:23,336 [Worker-0: Building] INFO  o.a.m.s.f.DefaultMavenResourcesFiltering - Copying 0 resource from src\main\resources to target\classes
2023-07-17 11:33:23,342 [Worker-0: Building] INFO  o.a.m.s.f.DefaultMavenResourcesFiltering - skip non existing resourceDirectory C:\Users\158250\Udemy_Project_SpringBoot\UdemyProject\src\test\resources
2023-07-17 11:33:24,889 [Worker-0: Building] INFO  o.a.m.s.f.DefaultMavenResourcesFiltering - Copying 1 resource from src\main\resources to target\classes
2023-07-17 11:33:24,913 [Worker-0: Building] INFO  o.a.m.s.f.DefaultMavenResourcesFiltering - Copying 0 resource from src\main\resources to target\classes
2023-07-17 11:33:24,918 [Worker-0: Building] INFO  o.a.m.s.f.DefaultMavenResourcesFiltering - skip non existing resourceDirectory C:\Users\158250\Udemy_Project_SpringBoot\UserManagement\src\test\resources
2023-07-17 11:36:38,694 [Worker-11: Download sources and javadoc] INFO  o.e.m.j.internal.DownloadSourcesJob - Downloaded sources for org.springframework.boot:spring-boot-starter-data-jpa:3.1.1
2023-07-17 11:36:38,714 [Worker-11: Download sources and javadoc] INFO  o.e.m.j.internal.DownloadSourcesJob - Downloaded sources for org.springframework.boot:spring-boot-starter-aop:3.1.1
2023-07-17 11:36:38,730 [Worker-11: Download sources and javadoc] INFO  o.e.m.j.internal.DownloadSourcesJob - Downloaded sources for org.springframework:spring-aop:6.0.10
2023-07-17 11:36:38,742 [Worker-11: Download sources and javadoc] INFO  o.e.m.j.internal.DownloadSourcesJob - Downloaded sources for org.aspectj:aspectjweaver:1.9.19
2023-07-17 11:36:38,758 [Worker-11: Download sources and javadoc] INFO  o.e.m.j.internal.DownloadSourcesJob - Downloaded sources for org.springframework.boot:spring-boot-starter-jdbc:3.1.1
2023-07-17 11:36:38,774 [Worker-11: Download sources and javadoc] INFO  o.e.m.j.internal.DownloadSourcesJob - Downloaded sources for com.zaxxer:HikariCP:5.0.1
2023-07-17 11:36:38,788 [Worker-11: Download sources and javadoc] INFO  o.e.m.j.internal.DownloadSourcesJob - Downloaded sources for org.springframework:spring-jdbc:6.0.10
2023-07-17 11:36:38,805 [Worker-11: Download sources and javadoc] INFO  o.e.m.j.internal.DownloadSourcesJob - Downloaded sources for org.hibernate.orm:hibernate-core:6.2.5.Final
2023-07-17 11:36:38,821 [Worker-11: Download sources and javadoc] INFO  o.e.m.j.internal.DownloadSourcesJob - Downloaded sources for jakarta.persistence:jakarta.persistence-api:3.1.0
2023-07-17 11:36:38,836 [Worker-11: Download sources and javadoc] INFO  o.e.m.j.internal.DownloadSourcesJob - Downloaded sources for jakarta.transaction:jakarta.transaction-api:2.0.1
2023-07-17 11:36:38,850 [Worker-11: Download sources and javadoc] INFO  o.e.m.j.internal.DownloadSourcesJob - Downloaded sources for org.jboss.logging:jboss-logging:3.5.1.Final
2023-07-17 11:36:38,865 [Worker-11: Download sources and javadoc] INFO  o.e.m.j.internal.DownloadSourcesJob - Downloaded sources for org.hibernate.common:hibernate-commons-annotations:6.0.6.Final
2023-07-17 11:36:38,879 [Worker-11: Download sources and javadoc] INFO  o.e.m.j.internal.DownloadSourcesJob - Downloaded sources for io.smallrye:jandex:3.0.5
2023-07-17 11:36:38,894 [Worker-11: Download sources and javadoc] INFO  o.e.m.j.internal.DownloadSourcesJob - Downloaded sources for com.fasterxml:classmate:1.5.1
2023-07-17 11:36:38,909 [Worker-11: Download sources and javadoc] INFO  o.e.m.j.internal.DownloadSourcesJob - Downloaded sources for net.bytebuddy:byte-buddy:1.14.5
2023-07-17 11:36:38,925 [Worker-11: Download sources and javadoc] INFO  o.e.m.j.internal.DownloadSourcesJob - Downloaded sources for org.glassfish.jaxb:jaxb-runtime:4.0.3
2023-07-17 11:36:38,941 [Worker-11: Download sources and javadoc] INFO  o.e.m.j.internal.DownloadSourcesJob - Downloaded sources for org.glassfish.jaxb:jaxb-core:4.0.3
2023-07-17 11:36:38,957 [Worker-11: Download sources and javadoc] INFO  o.e.m.j.internal.DownloadSourcesJob - Downloaded sources for org.eclipse.angus:angus-activation:2.0.1
2023-07-17 11:36:38,973 [Worker-11: Download sources and javadoc] INFO  o.e.m.j.internal.DownloadSourcesJob - Downloaded sources for org.glassfish.jaxb:txw2:4.0.3
2023-07-17 11:36:38,989 [Worker-11: Download sources and javadoc] INFO  o.e.m.j.internal.DownloadSourcesJob - Downloaded sources for com.sun.istack:istack-commons-runtime:4.1.2
2023-07-17 11:36:39,007 [Worker-11: Download sources and javadoc] INFO  o.e.m.j.internal.DownloadSourcesJob - Downloaded sources for jakarta.inject:jakarta.inject-api:2.0.1
2023-07-17 11:36:39,027 [Worker-11: Download sources and javadoc] INFO  o.e.m.j.internal.DownloadSourcesJob - Downloaded sources for org.antlr:antlr4-runtime:4.10.1
2023-07-17 11:36:39,043 [Worker-11: Download sources and javadoc] INFO  o.e.m.j.internal.DownloadSourcesJob - Downloaded sources for org.springframework.data:spring-data-jpa:3.1.1
2023-07-17 11:36:39,061 [Worker-11: Download sources and javadoc] INFO  o.e.m.j.internal.DownloadSourcesJob - Downloaded sources for org.springframework.data:spring-data-commons:3.1.1
2023-07-17 11:36:39,077 [Worker-11: Download sources and javadoc] INFO  o.e.m.j.internal.DownloadSourcesJob - Downloaded sources for org.springframework:spring-orm:6.0.10
2023-07-17 11:36:39,094 [Worker-11: Download sources and javadoc] INFO  o.e.m.j.internal.DownloadSourcesJob - Downloaded sources for org.springframework:spring-context:6.0.10
2023-07-17 11:36:39,111 [Worker-11: Download sources and javadoc] INFO  o.e.m.j.internal.DownloadSourcesJob - Downloaded sources for org.springframework:spring-tx:6.0.10
2023-07-17 11:36:39,128 [Worker-11: Download sources and javadoc] INFO  o.e.m.j.internal.DownloadSourcesJob - Downloaded sources for org.springframework:spring-beans:6.0.10
2023-07-17 11:36:39,144 [Worker-11: Download sources and javadoc] INFO  o.e.m.j.internal.DownloadSourcesJob - Downloaded sources for jakarta.annotation:jakarta.annotation-api:2.1.1
2023-07-17 11:36:39,161 [Worker-11: Download sources and javadoc] INFO  o.e.m.j.internal.DownloadSourcesJob - Downloaded sources for org.slf4j:slf4j-api:2.0.7
2023-07-17 11:36:39,179 [Worker-11: Download sources and javadoc] INFO  o.e.m.j.internal.DownloadSourcesJob - Downloaded sources for org.springframework:spring-aspects:6.0.10
2023-07-17 11:36:39,198 [Worker-11: Download sources and javadoc] INFO  o.e.m.j.internal.DownloadSourcesJob - Downloaded sources for org.springframework.boot:spring-boot-starter-web:3.1.1
2023-07-17 11:36:39,216 [Worker-11: Download sources and javadoc] INFO  o.e.m.j.internal.DownloadSourcesJob - Downloaded sources for org.springframework.boot:spring-boot-starter:3.1.1
2023-07-17 11:36:39,235 [Worker-11: Download sources and javadoc] INFO  o.e.m.j.internal.DownloadSourcesJob - Downloaded sources for org.springframework.boot:spring-boot-starter-logging:3.1.1
2023-07-17 11:36:39,252 [Worker-11: Download sources and javadoc] INFO  o.e.m.j.internal.DownloadSourcesJob - Downloaded sources for ch.qos.logback:logback-classic:1.4.8
2023-07-17 11:36:39,272 [Worker-11: Download sources and javadoc] INFO  o.e.m.j.internal.DownloadSourcesJob - Downloaded sources for ch.qos.logback:logback-core:1.4.8
2023-07-17 11:36:39,289 [Worker-11: Download sources and javadoc] INFO  o.e.m.j.internal.DownloadSourcesJob - Downloaded sources for org.apache.logging.log4j:log4j-to-slf4j:2.20.0
2023-07-17 11:36:39,307 [Worker-11: Download sources and javadoc] INFO  o.e.m.j.internal.DownloadSourcesJob - Downloaded sources for org.apache.logging.log4j:log4j-api:2.20.0
2023-07-17 11:36:39,325 [Worker-11: Download sources and javadoc] INFO  o.e.m.j.internal.DownloadSourcesJob - Downloaded sources for org.slf4j:jul-to-slf4j:2.0.7
2023-07-17 11:36:39,343 [Worker-11: Download sources and javadoc] INFO  o.e.m.j.internal.DownloadSourcesJob - Downloaded sources for org.yaml:snakeyaml:1.33
2023-07-17 11:36:39,360 [Worker-11: Download sources and javadoc] INFO  o.e.m.j.internal.DownloadSourcesJob - Downloaded sources for org.springframework.boot:spring-boot-starter-json:3.1.1
2023-07-17 11:36:39,378 [Worker-11: Download sources and javadoc] INFO  o.e.m.j.internal.DownloadSourcesJob - Downloaded sources for com.fasterxml.jackson.core:jackson-databind:2.15.2
2023-07-17 11:36:39,396 [Worker-11: Download sources and javadoc] INFO  o.e.m.j.internal.DownloadSourcesJob - Downloaded sources for com.fasterxml.jackson.core:jackson-annotations:2.15.2
2023-07-17 11:36:39,412 [Worker-11: Download sources and javadoc] INFO  o.e.m.j.internal.DownloadSourcesJob - Downloaded sources for com.fasterxml.jackson.core:jackson-core:2.15.2
2023-07-17 11:36:39,428 [Worker-11: Download sources and javadoc] INFO  o.e.m.j.internal.DownloadSourcesJob - Downloaded sources for com.fasterxml.jackson.datatype:jackson-datatype-jdk8:2.15.2
2023-07-17 11:36:39,444 [Worker-11: Download sources and javadoc] INFO  o.e.m.j.internal.DownloadSourcesJob - Downloaded sources for com.fasterxml.jackson.datatype:jackson-datatype-jsr310:2.15.2
2023-07-17 11:36:39,461 [Worker-11: Download sources and javadoc] INFO  o.e.m.j.internal.DownloadSourcesJob - Downloaded sources for com.fasterxml.jackson.module:jackson-module-parameter-names:2.15.2
2023-07-17 11:36:39,479 [Worker-11: Download sources and javadoc] INFO  o.e.m.j.internal.DownloadSourcesJob - Downloaded sources for org.springframework.boot:spring-boot-starter-tomcat:3.1.1
2023-07-17 11:36:39,497 [Worker-11: Download sources and javadoc] INFO  o.e.m.j.internal.DownloadSourcesJob - Downloaded sources for org.apache.tomcat.embed:tomcat-embed-core:10.1.10
2023-07-17 11:36:39,516 [Worker-11: Download sources and javadoc] INFO  o.e.m.j.internal.DownloadSourcesJob - Downloaded sources for org.apache.tomcat.embed:tomcat-embed-el:10.1.10
2023-07-17 11:36:39,534 [Worker-11: Download sources and javadoc] INFO  o.e.m.j.internal.DownloadSourcesJob - Downloaded sources for org.apache.tomcat.embed:tomcat-embed-websocket:10.1.10
2023-07-17 11:36:39,550 [Worker-11: Download sources and javadoc] INFO  o.e.m.j.internal.DownloadSourcesJob - Downloaded sources for org.springframework:spring-web:6.0.10
2023-07-17 11:36:39,570 [Worker-11: Download sources and javadoc] INFO  o.e.m.j.internal.DownloadSourcesJob - Downloaded sources for io.micrometer:micrometer-observation:1.11.1
2023-07-17 11:36:39,589 [Worker-11: Download sources and javadoc] INFO  o.e.m.j.internal.DownloadSourcesJob - Downloaded sources for io.micrometer:micrometer-commons:1.11.1
2023-07-17 11:36:39,608 [Worker-11: Download sources and javadoc] INFO  o.e.m.j.internal.DownloadSourcesJob - Downloaded sources for org.springframework:spring-webmvc:6.0.10
2023-07-17 11:36:39,642 [Worker-11: Download sources and javadoc] INFO  o.e.m.j.internal.DownloadSourcesJob - Downloaded sources for org.springframework:spring-expression:6.0.10
2023-07-17 11:36:39,710 [Worker-11: Download sources and javadoc] INFO  o.e.m.j.internal.DownloadSourcesJob - Downloaded sources for org.springframework.boot:spring-boot-devtools:3.1.1
2023-07-17 11:36:39,762 [Worker-11: Download sources and javadoc] INFO  o.e.m.j.internal.DownloadSourcesJob - Downloaded sources for org.springframework.boot:spring-boot:3.1.1
2023-07-17 11:36:39,780 [Worker-11: Download sources and javadoc] INFO  o.e.m.j.internal.DownloadSourcesJob - Downloaded sources for org.springframework.boot:spring-boot-autoconfigure:3.1.1
2023-07-17 11:36:39,798 [Worker-11: Download sources and javadoc] INFO  o.e.m.j.internal.DownloadSourcesJob - Downloaded sources for com.mysql:mysql-connector-j:8.0.33
2023-07-17 11:36:39,825 [Worker-11: Download sources and javadoc] INFO  o.e.m.j.internal.DownloadSourcesJob - Downloaded sources for org.projectlombok:lombok:1.18.28
2023-07-17 11:36:39,842 [Worker-11: Download sources and javadoc] INFO  o.e.m.j.internal.DownloadSourcesJob - Downloaded sources for org.springframework.boot:spring-boot-starter-test:3.1.1
2023-07-17 11:36:39,860 [Worker-11: Download sources and javadoc] INFO  o.e.m.j.internal.DownloadSourcesJob - Downloaded sources for org.springframework.boot:spring-boot-test:3.1.1
2023-07-17 11:36:39,876 [Worker-11: Download sources and javadoc] INFO  o.e.m.j.internal.DownloadSourcesJob - Downloaded sources for org.springframework.boot:spring-boot-test-autoconfigure:3.1.1
2023-07-17 11:36:39,894 [Worker-11: Download sources and javadoc] INFO  o.e.m.j.internal.DownloadSourcesJob - Downloaded sources for com.jayway.jsonpath:json-path:2.8.0
2023-07-17 11:36:39,911 [Worker-11: Download sources and javadoc] INFO  o.e.m.j.internal.DownloadSourcesJob - Downloaded sources for jakarta.xml.bind:jakarta.xml.bind-api:4.0.0
2023-07-17 11:36:39,929 [Worker-11: Download sources and javadoc] INFO  o.e.m.j.internal.DownloadSourcesJob - Downloaded sources for jakarta.activation:jakarta.activation-api:2.1.2
2023-07-17 11:36:39,946 [Worker-11: Download sources and javadoc] INFO  o.e.m.j.internal.DownloadSourcesJob - Downloaded sources for net.minidev:json-smart:2.4.11
2023-07-17 11:36:39,963 [Worker-11: Download sources and javadoc] INFO  o.e.m.j.internal.DownloadSourcesJob - Downloaded sources for net.minidev:accessors-smart:2.4.11
2023-07-17 11:36:39,984 [Worker-11: Download sources and javadoc] INFO  o.e.m.j.internal.DownloadSourcesJob - Downloaded sources for org.ow2.asm:asm:9.3
2023-07-17 11:36:40,002 [Worker-11: Download sources and javadoc] INFO  o.e.m.j.internal.DownloadSourcesJob - Downloaded sources for org.assertj:assertj-core:3.24.2
2023-07-17 11:36:40,019 [Worker-11: Download sources and javadoc] INFO  o.e.m.j.internal.DownloadSourcesJob - Downloaded sources for org.hamcrest:hamcrest:2.2
2023-07-17 11:36:40,038 [Worker-11: Download sources and javadoc] INFO  o.e.m.j.internal.DownloadSourcesJob - Downloaded sources for org.junit.jupiter:junit-jupiter:5.9.3
2023-07-17 11:36:40,055 [Worker-11: Download sources and javadoc] INFO  o.e.m.j.internal.DownloadSourcesJob - Downloaded sources for org.junit.jupiter:junit-jupiter-api:5.9.3
2023-07-17 11:36:40,072 [Worker-11: Download sources and javadoc] INFO  o.e.m.j.internal.DownloadSourcesJob - Downloaded sources for org.opentest4j:opentest4j:1.2.0
2023-07-17 11:36:40,089 [Worker-11: Download sources and javadoc] INFO  o.e.m.j.internal.DownloadSourcesJob - Downloaded sources for org.junit.platform:junit-platform-commons:1.9.3
2023-07-17 11:36:40,107 [Worker-11: Download sources and javadoc] INFO  o.e.m.j.internal.DownloadSourcesJob - Downloaded sources for org.apiguardian:apiguardian-api:1.1.2
2023-07-17 11:36:40,123 [Worker-11: Download sources and javadoc] INFO  o.e.m.j.internal.DownloadSourcesJob - Downloaded sources for org.junit.jupiter:junit-jupiter-params:5.9.3
2023-07-17 11:36:40,141 [Worker-11: Download sources and javadoc] INFO  o.e.m.j.internal.DownloadSourcesJob - Downloaded sources for org.junit.jupiter:junit-jupiter-engine:5.9.3
2023-07-17 11:36:40,162 [Worker-11: Download sources and javadoc] INFO  o.e.m.j.internal.DownloadSourcesJob - Downloaded sources for org.junit.platform:junit-platform-engine:1.9.3
2023-07-17 11:36:40,182 [Worker-11: Download sources and javadoc] INFO  o.e.m.j.internal.DownloadSourcesJob - Downloaded sources for org.mockito:mockito-core:5.3.1
2023-07-17 11:36:40,199 [Worker-11: Download sources and javadoc] INFO  o.e.m.j.internal.DownloadSourcesJob - Downloaded sources for net.bytebuddy:byte-buddy-agent:1.14.5
2023-07-17 11:36:40,223 [Worker-11: Download sources and javadoc] INFO  o.e.m.j.internal.DownloadSourcesJob - Downloaded sources for org.objenesis:objenesis:3.3
2023-07-17 11:36:40,239 [Worker-11: Download sources and javadoc] INFO  o.e.m.j.internal.DownloadSourcesJob - Downloaded sources for org.mockito:mockito-junit-jupiter:5.3.1
2023-07-17 11:36:40,256 [Worker-11: Download sources and javadoc] INFO  o.e.m.j.internal.DownloadSourcesJob - Downloaded sources for org.skyscreamer:jsonassert:1.5.1
2023-07-17 11:36:40,273 [Worker-11: Download sources and javadoc] INFO  o.e.m.j.internal.DownloadSourcesJob - Downloaded sources for com.vaadin.external.google:android-json:0.0.20131108.vaadin1
2023-07-17 11:36:40,293 [Worker-11: Download sources and javadoc] INFO  o.e.m.j.internal.DownloadSourcesJob - Downloaded sources for org.springframework:spring-core:6.0.10
2023-07-17 11:36:40,311 [Worker-11: Download sources and javadoc] INFO  o.e.m.j.internal.DownloadSourcesJob - Downloaded sources for org.springframework:spring-jcl:6.0.10
2023-07-17 11:36:40,328 [Worker-11: Download sources and javadoc] INFO  o.e.m.j.internal.DownloadSourcesJob - Downloaded sources for org.springframework:spring-test:6.0.10
2023-07-17 11:36:40,345 [Worker-11: Download sources and javadoc] INFO  o.e.m.j.internal.DownloadSourcesJob - Downloaded sources for org.xmlunit:xmlunit-core:2.9.1
2023-07-17 11:36:40,895 [Worker-10: Building] INFO  o.a.m.s.f.DefaultMavenResourcesFiltering - Copying 0 resource from src\main\resources to target\classes
2023-07-17 11:36:40,895 [Worker-10: Building] INFO  o.a.m.s.f.DefaultMavenResourcesFiltering - Copying 0 resource from src\main\resources to target\classes
2023-07-17 11:36:40,899 [Worker-10: Building] INFO  o.a.m.s.f.DefaultMavenResourcesFiltering - skip non existing resourceDirectory C:\Users\158250\Udemy_Project_SpringBoot\UdemyProject\src\test\resources
2023-07-17 11:36:48,123 [Worker-10: Updating Maven Project] INFO  o.e.m.c.i.p.ProjectConfigurationManager - Update started
2023-07-17 11:36:51,195 [Worker-10: Updating Maven Project] INFO  o.e.m.c.i.l.LifecycleMappingFactory - Using org.eclipse.m2e.jdt.JarLifecycleMapping lifecycle mapping for MavenProject: com.example:UdemyProject:0.0.1-SNAPSHOT @ C:\Users\158250\Udemy_Project_SpringBoot\UdemyProject\pom.xml.
2023-07-17 11:36:52,330 [Worker-10: Updating Maven Project] INFO  o.e.m.j.i.AbstractJavaProjectConfigurator - Adding source folder /UdemyProject/src/main/java
2023-07-17 11:36:52,331 [Worker-10: Updating Maven Project] INFO  o.e.m.j.i.AbstractJavaProjectConfigurator - Adding resource folder /UdemyProject/src/main/resources
2023-07-17 11:36:52,331 [Worker-10: Updating Maven Project] INFO  o.e.m.j.i.AbstractJavaProjectConfigurator - Adding resource folder /UdemyProject/src/main/resources
2023-07-17 11:36:52,332 [Worker-10: Updating Maven Project] INFO  o.e.m.j.i.AbstractJavaProjectConfigurator - Adding source folder /UdemyProject/src/test/java
2023-07-17 11:36:52,885 [Worker-10: Updating Maven Project] INFO  o.e.m.c.i.p.ProjectConfigurationManager - Update completed for 1 poms: local refresh takes 0.00 sec, refresh facades takes 4.00 sec, update config takes 0.00 sec 
